<?xml version="1.0" encoding="utf-8"?><testsuites><testsuite name="pytest" errors="0" failures="0" skipped="0" tests="90" time="4.209" timestamp="2025-02-14T10:06:05.107494-08:00" hostname="W-PF4N0KDS"><testcase classname="tests.models.domain.test_base" name="test_base_model_initialization" time="0.009" /><testcase classname="tests.models.domain.test_base" name="test_base_model_update_tracking" time="0.005" /><testcase classname="tests.models.domain.test_contact" name="test_contact_creation" time="0.004" /><testcase classname="tests.models.domain.test_contact" name="test_contact_sub_information_validation" time="0.005" /><testcase classname="tests.models.domain.test_contact" name="test_contact_tag_management" time="0.006" /><testcase classname="tests.models.domain.test_contact" name="test_contact_note_management" time="0.003" /><testcase classname="tests.models.domain.test_note" name="test_note_creation" time="0.003" /><testcase classname="tests.models.domain.test_note" name="test_note_content_validation" time="0.002" /><testcase classname="tests.models.domain.test_note" name="test_note_statement_management" time="0.003" /><testcase classname="tests.models.domain.test_note" name="test_note_tag_management" time="0.002" /><testcase classname="tests.models.domain.test_note" name="test_note_update_tracking" time="0.007" /><testcase classname="tests.models.domain.test_reminder" name="test_reminder_minimum_fields" time="0.006" /><testcase classname="tests.models.domain.test_reminder" name="test_reminder_requires_timezone" time="0.002" /><testcase classname="tests.models.domain.test_reminder" name="test_create_one_off_reminder" time="0.002" /><testcase classname="tests.models.domain.test_reminder" name="test_create_recurring_reminder" time="0.002" /><testcase classname="tests.models.domain.test_reminder" name="test_link_reminder_to_note" time="0.002" /><testcase classname="tests.models.domain.test_reminder" name="test_reminder_status_transitions" time="0.004" /><testcase classname="tests.models.domain.test_reminder" name="test_reminder_cancellation" time="0.001" /><testcase classname="tests.models.domain.test_reminder" name="test_complete_reminder" time="0.003" /><testcase classname="tests.models.domain.test_reminder" name="test_reminder_completion_date_validation" time="0.003" /><testcase classname="tests.models.domain.test_reminder" name="test_recurrence_pattern_validation" time="0.005" /><testcase classname="tests.models.domain.test_reminder" name="test_recurrence_next_occurrence" time="0.002" /><testcase classname="tests.models.domain.test_reminder" name="test_recurring_reminder_completion" time="0.004" /><testcase classname="tests.models.domain.test_reminder" name="test_invalid_reminder_dates" time="0.005" /><testcase classname="tests.models.domain.test_tag" name="test_tag_creation" time="0.003" /><testcase classname="tests.models.domain.test_tag" name="test_tag_name_validation" time="0.012" /><testcase classname="tests.models.domain.test_tag" name="test_tag_frequency" time="0.005" /><testcase classname="tests.models.domain.test_tag" name="test_tag_last_contact" time="0.002" /><testcase classname="tests.models.domain.test_tag" name="test_tag_staleness" time="0.003" /><testcase classname="tests.models.orm.test_contact" name="test_contact_creation_with_required_fields" time="0.144" /><testcase classname="tests.models.orm.test_contact" name="test_contact_creation_with_all_fields" time="0.013" /><testcase classname="tests.models.orm.test_contact" name="test_contact_name_required" time="0.010" /><testcase classname="tests.models.orm.test_contact" name="test_contact_sub_information_json_storage" time="0.011" /><testcase classname="tests.models.orm.test_contact" name="test_contact_note_relationship" time="0.085" /><testcase classname="tests.models.orm.test_contact" name="test_contact_tag_relationship" time="0.038" /><testcase classname="tests.models.orm.test_note" name="test_note_creation_with_required_fields" time="0.057" /><testcase classname="tests.models.orm.test_note" name="test_note_requires_contact" time="0.004" /><testcase classname="tests.models.orm.test_note" name="test_note_requires_content" time="0.011" /><testcase classname="tests.models.orm.test_note" name="test_note_statement_creation" time="0.065" /><testcase classname="tests.models.orm.test_note" name="test_note_statement_deletion" time="0.063" /><testcase classname="tests.models.orm.test_note" name="test_note_tagging" time="0.018" /><testcase classname="tests.models.orm.test_note" name="test_statement_tagging" time="0.084" /><testcase classname="tests.models.orm.test_reminder" name="test_create_one_off_reminder" time="0.062" /><testcase classname="tests.models.orm.test_reminder" name="test_create_recurring_reminder" time="0.010" /><testcase classname="tests.models.orm.test_reminder" name="test_complete_reminder" time="0.075" /><testcase classname="tests.models.orm.test_reminder" name="test_link_reminder_to_note" time="0.020" /><testcase classname="tests.models.orm.test_reminder" name="test_note_relationship" time="0.048" /><testcase classname="tests.models.orm.test_reminder" name="test_delete_note_doesnt_cascade_to_reminders" time="0.025" /><testcase classname="tests.models.orm.test_reminder" name="test_delete_contact_cascades_to_reminders" time="0.072" /><testcase classname="tests.models.orm.test_reminder" name="test_cascade_delete_from_contact" time="0.023" /><testcase classname="tests.models.orm.test_reminder" name="test_constraint_violations" time="0.020" /><testcase classname="tests.models.orm.test_reminder" name="test_timezone_handling" time="0.012" /><testcase classname="tests.models.orm.test_reminder" name="test_recurrence_constraints" time="0.012" /><testcase classname="tests.models.orm.test_reminder" name="test_completion_constraints" time="0.013" /><testcase classname="tests.models.orm.test_reminder" name="test_eager_loading" time="0.089" /><testcase classname="tests.models.orm.test_tag" name="test_tag_creation_with_required_fields" time="0.013" /><testcase classname="tests.models.orm.test_tag" name="test_tag_entity_type_validation" time="0.012" /><testcase classname="tests.models.orm.test_tag" name="test_tag_frequency_and_last_contact" time="0.014" /><testcase classname="tests.models.orm.test_tag" name="test_tag_contact_relationship" time="0.023" /><testcase classname="tests.models.orm.test_tag" name="test_tag_note_relationship" time="0.034" /><testcase classname="tests.models.orm.test_tag" name="test_tag_statement_relationship" time="0.031" /><testcase classname="tests.models.orm.test_tag" name="test_tag_required_fields" time="0.009" /><testcase classname="tests.repositories.test_contact_repository" name="test_contact_save_and_find" time="0.136" /><testcase classname="tests.repositories.test_contact_repository" name="test_contact_find_by_tag" time="0.068" /><testcase classname="tests.repositories.test_contact_repository" name="test_contact_find_stale" time="0.042" /><testcase classname="tests.repositories.test_contact_repository" name="test_contact_update" time="0.025" /><testcase classname="tests.repositories.test_contact_repository" name="test_contact_delete" time="0.058" /><testcase classname="tests.repositories.test_contact_repository" name="test_contact_find_all" time="0.067" /><testcase classname="tests.repositories.test_note_repository" name="test_note_save_and_find" time="0.075" /><testcase classname="tests.repositories.test_note_repository" name="test_note_find_by_contact" time="0.045" /><testcase classname="tests.repositories.test_note_repository" name="test_note_find_by_tag" time="0.148" /><testcase classname="tests.repositories.test_note_repository" name="test_note_with_statements" time="0.043" /><testcase classname="tests.repositories.test_note_repository" name="test_note_with_statement_tags" time="0.038" /><testcase classname="tests.repositories.test_note_repository" name="test_note_delete" time="0.058" /><testcase classname="tests.repositories.test_reminder_repository" name="test_save_and_find_by_id" time="0.152" /><testcase classname="tests.repositories.test_reminder_repository" name="test_update_existing_reminder" time="0.029" /><testcase classname="tests.repositories.test_reminder_repository" name="test_delete_reminder" time="0.055" /><testcase classname="tests.repositories.test_reminder_repository" name="test_find_by_contact" time="0.072" /><testcase classname="tests.repositories.test_reminder_repository" name="test_find_by_note" time="0.120" /><testcase classname="tests.repositories.test_reminder_repository" name="test_find_pending" time="0.042" /><testcase classname="tests.repositories.test_reminder_repository" name="test_find_overdue" time="0.040" /><testcase classname="tests.repositories.test_reminder_repository" name="test_save_recurring_reminder" time="0.033" /><testcase classname="tests.repositories.test_reminder_repository" name="test_complete_recurring_reminder" time="0.052" /><testcase classname="tests.repositories.test_tag_repository" name="test_save_and_find_by_entity" time="0.024" /><testcase classname="tests.repositories.test_tag_repository" name="test_save_updates_existing_tag" time="0.039" /><testcase classname="tests.repositories.test_tag_repository" name="test_find_by_name" time="0.044" /><testcase classname="tests.repositories.test_tag_repository" name="test_find_stale" time="0.024" /><testcase classname="tests.repositories.test_tag_repository" name="test_delete" time="0.045" /><testcase classname="tests.repositories.test_tag_repository" name="test_delete_nonexistent_tag" time="0.016" /><testcase classname="tests.repositories.test_tag_repository" name="test_disable_tag_frequency" time="0.029" /></testsuite></testsuites>